<?xml version="1.0" encoding="UTF-8"?>
<!-- Generated by org.testng.reporters.JUnitReportReporter -->
<testsuite skipped="0" hostname="LAPTOP-SIGT1BQ1" name="qaclickacademy.AppiumTest" tests="2" failures="0" timestamp="10 Apr 2020 13:37:54 GMT" time="0.024" errors="0">
  <testcase name="m4" time="0.001" classname="qaclickacademy.AppiumTest"/>
  <testcase name="m3" time="0.023" classname="qaclickacademy.AppiumTest"/>
</testsuite> <!-- qaclickacademy.AppiumTest -->
