<?xml version="1.0" encoding="UTF-8"?>
<!-- Generated by org.testng.reporters.JUnitReportReporter -->
<testsuite skipped="0" hostname="LAPTOP-SIGT1BQ1" name="qaclickacademy.AppTest" tests="1" failures="0" timestamp="10 Apr 2020 13:37:55 GMT" time="0.001" errors="0">
  <testcase name="testApp" time="0.001" classname="qaclickacademy.AppTest"/>
</testsuite> <!-- qaclickacademy.AppTest -->
