<?xml version="1.0" encoding="UTF-8"?>
<!-- Generated by org.testng.reporters.JUnitReportReporter -->
<testsuite skipped="0" hostname="LAPTOP-SIGT1BQ1" name="qaclickacademy.SeleniumTest" tests="2" failures="0" timestamp="10 Apr 2020 14:57:29 GMT" time="0.004" errors="0">
  <testcase name="navigateUi" time="0.001" classname="qaclickacademy.SeleniumTest"/>
  <testcase name="openBrowser" time="0.003" classname="qaclickacademy.SeleniumTest"/>
</testsuite> <!-- qaclickacademy.SeleniumTest -->
